# JRE version: OpenJDK Runtime Environment (8.0_152-b01) (build 1.8.0_152-release-915-b01)
# Java VM: OpenJDK Server VM (25.152-b01 mixed mode windows-x86 )
Heap:
 def new generation   total 32768K, used 12986K [0x11000000, 0x13380000, 0x26550000)
  eden space 29184K,  32% used [0x11000000, 0x11961398, 0x12c80000)
  from space 3584K,  94% used [0x12c80000, 0x12fcd610, 0x13000000)
  to   space 3584K,   0% used [0x13000000, 0x13000000, 0x13380000)
 tenured generation   total 72484K, used 59661K [0x26550000, 0x2ac19000, 0x51000000)
   the space 72484K,  82% used [0x26550000, 0x29f93528, 0x29f93600, 0x2ac19000)
 Metaspace       used 45849K, capacity 47162K, committed 47232K, reserved 47488K
GC Heap History (10 events):
Event: 199.791 GC heap before
{Heap before GC invocations=83 (full 4):
 def new generation   total 32768K, used 32223K [0x11000000, 0x13380000, 0x26550000)
  eden space 29184K, 100% used [0x11000000, 0x12c80000, 0x12c80000)
  from space 3584K,  84% used [0x13000000, 0x132f7f60, 0x13380000)
  to   space 3584K,   0% used [0x12c80000, 0x12c80000, 0x13000000)
 tenured generation   total 72484K, used 48240K [0x26550000, 0x2ac19000, 0x51000000)
   the space 72484K,  66% used [0x26550000, 0x2946c250, 0x2946c400, 0x2ac19000)
 Metaspace       used 43938K, capacity 45246K, committed 45312K, reserved 45440K
Event: 199.819 GC heap after
Heap after GC invocations=84 (full 4):
 def new generation   total 32768K, used 1238K [0x11000000, 0x13380000, 0x26550000)
  eden space 29184K,   0% used [0x11000000, 0x11000000, 0x12c80000)
  from space 3584K,  34% used [0x12c80000, 0x12db5a68, 0x13000000)
  to   space 3584K,   0% used [0x13000000, 0x13000000, 0x13380000)
 tenured generation   total 72484K, used 50962K [0x26550000, 0x2ac19000, 0x51000000)
   the space 72484K,  70% used [0x26550000, 0x29714aa8, 0x29714c00, 0x2ac19000)
 Metaspace       used 43938K, capacity 45246K, committed 45312K, reserved 45440K
}
Event: 200.292 GC heap before
{Heap before GC invocations=84 (full 4):
 def new generation   total 32768K, used 30422K [0x11000000, 0x13380000, 0x26550000)
  eden space 29184K, 100% used [0x11000000, 0x12c80000, 0x12c80000)
  from space 3584K,  34% used [0x12c80000, 0x12db5a68, 0x13000000)
  to   space 3584K,   0% used [0x13000000, 0x13000000, 0x13380000)
 tenured generation   total 72484K, used 50962K [0x26550000, 0x2ac19000, 0x51000000)
   the space 72484K,  70% used [0x26550000, 0x29714aa8, 0x29714c00, 0x2ac19000)
 Metaspace       used 43953K, capacity 45246K, committed 45312K, reserved 45440K
Event: 200.303 GC heap after
Heap after GC invocations=85 (full 4):
 def new generation   total 32768K, used 1403K [0x11000000, 0x13380000, 0x26550000)
  eden space 29184K,   0% used [0x11000000, 0x11000000, 0x12c80000)
  from space 3584K,  39% used [0x13000000, 0x1315ed60, 0x13380000)
  to   space 3584K,   0% used [0x12c80000, 0x12c80000, 0x13000000)
 tenured generation   total 72484K, used 50962K [0x26550000, 0x2ac19000, 0x51000000)
   the space 72484K,  70% used [0x26550000, 0x29714aa8, 0x29714c00, 0x2ac19000)
 Metaspace       used 43953K, capacity 45246K, committed 45312K, reserved 45440K
}
Event: 206.957 GC heap before
{Heap before GC invocations=85 (full 4):
 def new generation   total 32768K, used 30587K [0x11000000, 0x13380000, 0x26550000)
  eden space 29184K, 100% used [0x11000000, 0x12c80000, 0x12c80000)
  from space 3584K,  39% used [0x13000000, 0x1315ed60, 0x13380000)
  to   space 3584K,   0% used [0x12c80000, 0x12c80000, 0x13000000)
 tenured generation   total 72484K, used 50962K [0x26550000, 0x2ac19000, 0x51000000)
   the space 72484K,  70% used [0x26550000, 0x29714aa8, 0x29714c00, 0x2ac19000)
 Metaspace       used 44648K, capacity 45982K, committed 46080K, reserved 46464K
Event: 206.990 GC heap after
Heap after GC invocations=86 (full 4):
 def new generation   total 32768K, used 3584K [0x11000000, 0x13380000, 0x26550000)
  eden space 29184K,   0% used [0x11000000, 0x11000000, 0x12c80000)
  from space 3584K, 100% used [0x12c80000, 0x13000000, 0x13000000)
  to   space 3584K,   0% used [0x13000000, 0x13000000, 0x13380000)
 tenured generation   total 72484K, used 51966K [0x26550000, 0x2ac19000, 0x51000000)
   the space 72484K,  71% used [0x26550000, 0x2980f9b0, 0x2980fa00, 0x2ac19000)
 Metaspace       used 44648K, capacity 45982K, committed 46080K, reserved 46464K
}
Event: 216.106 GC heap before
{Heap before GC invocations=86 (full 4):
 def new generation   total 32768K, used 32768K [0x11000000, 0x13380000, 0x26550000)
  eden space 29184K, 100% used [0x11000000, 0x12c80000, 0x12c80000)
  from space 3584K, 100% used [0x12c80000, 0x13000000, 0x13000000)
  to   space 3584K,   0% used [0x13000000, 0x13000000, 0x13380000)
 tenured generation   total 72484K, used 51966K [0x26550000, 0x2ac19000, 0x51000000)
   the space 72484K,  71% used [0x26550000, 0x2980f9b0, 0x2980fa00, 0x2ac19000)
 Metaspace       used 45192K, capacity 46512K, committed 46592K, reserved 47488K
Event: 216.158 GC heap after
Heap after GC invocations=87 (full 4):
 def new generation   total 32768K, used 3584K [0x11000000, 0x13380000, 0x26550000)
  eden space 29184K,   0% used [0x11000000, 0x11000000, 0x12c80000)
  from space 3584K, 100% used [0x13000000, 0x13380000, 0x13380000)
  to   space 3584K,   0% used [0x12c80000, 0x12c80000, 0x13000000)
 tenured generation   total 72484K, used 56150K [0x26550000, 0x2ac19000, 0x51000000)
   the space 72484K,  77% used [0x26550000, 0x29c25ae8, 0x29c25c00, 0x2ac19000)
 Metaspace       used 45192K, capacity 46512K, committed 46592K, reserved 47488K
}
Event: 218.179 GC heap before
{Heap before GC invocations=87 (full 4):
 def new generation   total 32768K, used 32768K [0x11000000, 0x13380000, 0x26550000)
  eden space 29184K, 100% used [0x11000000, 0x12c80000, 0x12c80000)
  from space 3584K, 100% used [0x13000000, 0x13380000, 0x13380000)
  to   space 3584K,   0% used [0x12c80000, 0x12c80000, 0x13000000)
 tenured generation   total 72484K, used 56150K [0x26550000, 0x2ac19000, 0x51000000)
   the space 72484K,  77% used [0x26550000, 0x29c25ae8, 0x29c25c00, 0x2ac19000)
 Metaspace       used 45442K, capacity 46744K, committed 46848K, reserved 47488K
Event: 218.223 GC heap after
Heap after GC invocations=88 (full 4):
 def new generation   total 32768K, used 3381K [0x11000000, 0x13380000, 0x26550000)
  eden space 29184K,   0% used [0x11000000, 0x11000000, 0x12c80000)
  from space 3584K,  94% used [0x12c80000, 0x12fcd610, 0x13000000)
  to   space 3584K,   0% used [0x13000000, 0x13000000, 0x13380000)
 tenured generation   total 72484K, used 59661K [0x26550000, 0x2ac19000, 0x51000000)
   the space 72484K,  82% used [0x26550000, 0x29f93528, 0x29f93600, 0x2ac19000)
 Metaspace       used 45442K, capacity 46744K, committed 46848K, reserved 47488K
}

