# JRE version: OpenJDK Runtime Environment (8.0_152-b01) (build 1.8.0_152-release-915-b01)
# Java VM: OpenJDK Server VM (25.152-b01 mixed mode windows-x86 )
Heap:
 def new generation   total 22720K, used 14287K [0x11000000, 0x128a0000, 0x26550000)
  eden space 20224K,  58% used [0x11000000, 0x11b83d18, 0x123c0000)
  from space 2496K, 100% used [0x12630000, 0x128a0000, 0x128a0000)
  to   space 2496K,   0% used [0x123c0000, 0x123c0000, 0x12630000)
 tenured generation   total 50248K, used 30800K [0x26550000, 0x29662000, 0x51000000)
   the space 50248K,  61% used [0x26550000, 0x283642f0, 0x28364400, 0x29662000)
 Metaspace       used 36373K, capacity 37277K, committed 37376K, reserved 38272K
GC Heap History (10 events):
Event: 51.576 GC heap before
{Heap before GC invocations=65 (full 2):
 def new generation   total 13568K, used 13367K [0x11000000, 0x11eb0000, 0x26550000)
  eden space 12096K, 100% used [0x11000000, 0x11bd0000, 0x11bd0000)
  from space 1472K,  86% used [0x11bd0000, 0x11d0de40, 0x11d40000)
  to   space 1472K,   0% used [0x11d40000, 0x11d40000, 0x11eb0000)
 tenured generation   total 29892K, used 25467K [0x26550000, 0x28281000, 0x51000000)
   the space 29892K,  85% used [0x26550000, 0x27e2ed68, 0x27e2ee00, 0x28281000)
 Metaspace       used 34757K, capacity 35641K, committed 35712K, reserved 36224K
Event: 51.588 GC heap after
Heap after GC invocations=66 (full 2):
 def new generation   total 13568K, used 839K [0x11000000, 0x11eb0000, 0x26550000)
  eden space 12096K,   0% used [0x11000000, 0x11000000, 0x11bd0000)
  from space 1472K,  57% used [0x11d40000, 0x11e11e18, 0x11eb0000)
  to   space 1472K,   0% used [0x11bd0000, 0x11bd0000, 0x11d40000)
 tenured generation   total 29892K, used 26088K [0x26550000, 0x28281000, 0x51000000)
   the space 29892K,  87% used [0x26550000, 0x27eca060, 0x27eca200, 0x28281000)
 Metaspace       used 34757K, capacity 35641K, committed 35712K, reserved 36224K
}
Event: 53.065 GC heap before
{Heap before GC invocations=66 (full 2):
 def new generation   total 13568K, used 12935K [0x11000000, 0x11eb0000, 0x26550000)
  eden space 12096K, 100% used [0x11000000, 0x11bd0000, 0x11bd0000)
  from space 1472K,  57% used [0x11d40000, 0x11e11e18, 0x11eb0000)
  to   space 1472K,   0% used [0x11bd0000, 0x11bd0000, 0x11d40000)
 tenured generation   total 29892K, used 26088K [0x26550000, 0x28281000, 0x51000000)
   the space 29892K,  87% used [0x26550000, 0x27eca060, 0x27eca200, 0x28281000)
 Metaspace       used 35250K, capacity 36136K, committed 36224K, reserved 36224K
Event: 53.076 GC heap after
Heap after GC invocations=67 (full 2):
 def new generation   total 13568K, used 1111K [0x11000000, 0x11eb0000, 0x26550000)
  eden space 12096K,   0% used [0x11000000, 0x11000000, 0x11bd0000)
  from space 1472K,  75% used [0x11bd0000, 0x11ce5c28, 0x11d40000)
  to   space 1472K,   0% used [0x11d40000, 0x11d40000, 0x11eb0000)
 tenured generation   total 29892K, used 26770K [0x26550000, 0x28281000, 0x51000000)
   the space 29892K,  89% used [0x26550000, 0x27f74b00, 0x27f74c00, 0x28281000)
 Metaspace       used 35250K, capacity 36136K, committed 36224K, reserved 36224K
}
Event: 54.213 GC heap before
{Heap before GC invocations=67 (full 2):
 def new generation   total 13568K, used 13207K [0x11000000, 0x11eb0000, 0x26550000)
  eden space 12096K, 100% used [0x11000000, 0x11bd0000, 0x11bd0000)
  from space 1472K,  75% used [0x11bd0000, 0x11ce5c28, 0x11d40000)
  to   space 1472K,   0% used [0x11d40000, 0x11d40000, 0x11eb0000)
 tenured generation   total 29892K, used 26770K [0x26550000, 0x28281000, 0x51000000)
   the space 29892K,  89% used [0x26550000, 0x27f74b00, 0x27f74c00, 0x28281000)
 Metaspace       used 35328K, capacity 36200K, committed 36224K, reserved 36224K
Event: 54.232 GC heap after
Heap after GC invocations=68 (full 2):
 def new generation   total 13568K, used 1472K [0x11000000, 0x11eb0000, 0x26550000)
  eden space 12096K,   0% used [0x11000000, 0x11000000, 0x11bd0000)
  from space 1472K, 100% used [0x11d40000, 0x11eb0000, 0x11eb0000)
  to   space 1472K,   0% used [0x11bd0000, 0x11bd0000, 0x11d40000)
 tenured generation   total 29892K, used 28083K [0x26550000, 0x28281000, 0x51000000)
   the space 29892K,  93% used [0x26550000, 0x280bcef0, 0x280bd000, 0x28281000)
 Metaspace       used 35328K, capacity 36200K, committed 36224K, reserved 36224K
}
Event: 55.149 GC heap before
{Heap before GC invocations=68 (full 2):
 def new generation   total 13568K, used 13568K [0x11000000, 0x11eb0000, 0x26550000)
  eden space 12096K, 100% used [0x11000000, 0x11bd0000, 0x11bd0000)
  from space 1472K, 100% used [0x11d40000, 0x11eb0000, 0x11eb0000)
  to   space 1472K,   0% used [0x11bd0000, 0x11bd0000, 0x11d40000)
 tenured generation   total 29892K, used 28083K [0x26550000, 0x28281000, 0x51000000)
   the space 29892K,  93% used [0x26550000, 0x280bcef0, 0x280bd000, 0x28281000)
 Metaspace       used 35352K, capacity 36232K, committed 36352K, reserved 37248K
Event: 55.429 GC heap after
Heap after GC invocations=69 (full 3):
 def new generation   total 22720K, used 908K [0x11000000, 0x128a0000, 0x26550000)
  eden space 20224K,   4% used [0x11000000, 0x110e3008, 0x123c0000)
  from space 2496K,   0% used [0x123c0000, 0x123c0000, 0x12630000)
  to   space 2496K,   0% used [0x12630000, 0x12630000, 0x128a0000)
 tenured generation   total 50248K, used 30147K [0x26550000, 0x29662000, 0x51000000)
   the space 50248K,  59% used [0x26550000, 0x282c0fe0, 0x282c1000, 0x29662000)
 Metaspace       used 35352K, capacity 36232K, committed 36352K, reserved 37248K
}
Event: 56.377 GC heap before
{Heap before GC invocations=69 (full 3):
 def new generation   total 22720K, used 20224K [0x11000000, 0x128a0000, 0x26550000)
  eden space 20224K, 100% used [0x11000000, 0x123c0000, 0x123c0000)
  from space 2496K,   0% used [0x123c0000, 0x123c0000, 0x12630000)
  to   space 2496K,   0% used [0x12630000, 0x12630000, 0x128a0000)
 tenured generation   total 50248K, used 30147K [0x26550000, 0x29662000, 0x51000000)
   the space 50248K,  59% used [0x26550000, 0x282c0fe0, 0x282c1000, 0x29662000)
 Metaspace       used 35620K, capacity 36469K, committed 36480K, reserved 37248K
Event: 56.435 GC heap after
Heap after GC invocations=70 (full 3):
 def new generation   total 22720K, used 2496K [0x11000000, 0x128a0000, 0x26550000)
  eden space 20224K,   0% used [0x11000000, 0x11000000, 0x123c0000)
  from space 2496K, 100% used [0x12630000, 0x128a0000, 0x128a0000)
  to   space 2496K,   0% used [0x123c0000, 0x123c0000, 0x12630000)
 tenured generation   total 50248K, used 30800K [0x26550000, 0x29662000, 0x51000000)
   the space 50248K,  61% used [0x26550000, 0x283642f0, 0x28364400, 0x29662000)
 Metaspace       used 35620K, capacity 36469K, committed 36480K, reserved 37248K
}

